2025/07/01 16:23:45 [emerg] 1#1: host not found in upstream "component-service" in /etc/nginx/conf.d/default.conf:10
2025/07/01 16:24:59 [notice] 1#1: using the "epoll" event method
2025/07/01 16:24:59 [notice] 1#1: nginx/1.21.6
2025/07/01 16:24:59 [notice] 1#1: built by gcc 10.2.1 20210110 (Debian 10.2.1-6) 
2025/07/01 16:24:59 [notice] 1#1: OS: Linux 6.8.0-59-generic
2025/07/01 16:24:59 [notice] 1#1: getrlimit(RLIMIT_NOFILE): 1048576:1048576
2025/07/01 16:24:59 [notice] 1#1: start worker processes
2025/07/01 16:24:59 [notice] 1#1: start worker process 30
2025/07/01 16:24:59 [notice] 1#1: start worker process 31
2025/07/01 16:24:59 [notice] 1#1: start worker process 32
2025/07/01 16:24:59 [notice] 1#1: start worker process 33
2025/07/01 16:25:19 [error] 30#30: *1 "/etc/nginx/html/index.html" is not found (2: No such file or directory), client: 172.18.0.1, server: localtest.me, request: "GET / HTTP/1.1", host: "localtest.me"
2025/07/01 16:25:20 [error] 30#30: *1 open() "/etc/nginx/html/favicon.ico" failed (2: No such file or directory), client: 172.18.0.1, server: localtest.me, request: "GET /favicon.ico HTTP/1.1", host: "localtest.me", referrer: "http://localtest.me/"
2025/07/01 16:25:25 [error] 32#32: *2 "/etc/nginx/html/index.html" is not found (2: No such file or directory), client: 172.18.0.1, server: localtest.me, request: "GET / HTTP/1.1", host: "web.localtest.me"
2025/07/01 16:25:25 [error] 32#32: *2 open() "/etc/nginx/html/favicon.ico" failed (2: No such file or directory), client: 172.18.0.1, server: localtest.me, request: "GET /favicon.ico HTTP/1.1", host: "web.localtest.me", referrer: "http://web.localtest.me/"
2025/07/01 16:29:15 [notice] 1#1: signal 3 (SIGQUIT) received, shutting down
2025/07/01 16:29:15 [notice] 30#30: gracefully shutting down
2025/07/01 16:29:15 [notice] 31#31: gracefully shutting down
2025/07/01 16:29:15 [notice] 30#30: exiting
2025/07/01 16:29:15 [notice] 31#31: exiting
2025/07/01 16:29:15 [notice] 30#30: exit
2025/07/01 16:29:15 [notice] 31#31: exit
2025/07/01 16:29:15 [notice] 33#33: gracefully shutting down
2025/07/01 16:29:15 [notice] 33#33: exiting
2025/07/01 16:29:15 [notice] 33#33: exit
2025/07/01 16:29:15 [notice] 32#32: gracefully shutting down
2025/07/01 16:29:15 [notice] 32#32: exiting
2025/07/01 16:29:15 [notice] 32#32: exit
2025/07/01 16:29:15 [notice] 1#1: signal 17 (SIGCHLD) received from 33
2025/07/01 16:29:15 [notice] 1#1: worker process 33 exited with code 0
2025/07/01 16:29:15 [notice] 1#1: signal 29 (SIGIO) received
2025/07/01 16:29:15 [notice] 1#1: signal 17 (SIGCHLD) received from 30
2025/07/01 16:29:15 [notice] 1#1: worker process 30 exited with code 0
2025/07/01 16:29:15 [notice] 1#1: worker process 32 exited with code 0
2025/07/01 16:29:15 [notice] 1#1: worker process 31 exited with code 0
2025/07/01 16:29:15 [notice] 1#1: exit
2025/07/01 16:29:15 [notice] 1#1: using the "epoll" event method
2025/07/01 16:29:15 [notice] 1#1: nginx/1.21.6
2025/07/01 16:29:15 [notice] 1#1: built by gcc 10.2.1 20210110 (Debian 10.2.1-6) 
2025/07/01 16:29:15 [notice] 1#1: OS: Linux 6.8.0-59-generic
2025/07/01 16:29:15 [notice] 1#1: getrlimit(RLIMIT_NOFILE): 1048576:1048576
2025/07/01 16:29:15 [notice] 1#1: start worker processes
2025/07/01 16:29:15 [notice] 1#1: start worker process 30
2025/07/01 16:29:15 [notice] 1#1: start worker process 31
2025/07/01 16:29:15 [notice] 1#1: start worker process 32
2025/07/01 16:29:15 [notice] 1#1: start worker process 33
2025/07/01 16:33:06 [error] 32#32: *8 connect() failed (113: No route to host) while connecting to upstream, client: 172.18.0.1, server: localtest.me, request: "GET / HTTP/1.1", upstream: "http://172.18.0.7:5173/", host: "web.localtest.me"
2025/07/01 17:06:04 [notice] 1#1: signal 3 (SIGQUIT) received, shutting down
2025/07/01 17:06:04 [notice] 30#30: gracefully shutting down
2025/07/01 17:06:04 [notice] 31#31: gracefully shutting down
2025/07/01 17:06:04 [notice] 30#30: exiting
2025/07/01 17:06:04 [notice] 31#31: exiting
2025/07/01 17:06:04 [notice] 31#31: exit
2025/07/01 17:06:04 [notice] 30#30: exit
2025/07/01 17:06:04 [notice] 32#32: gracefully shutting down
2025/07/01 17:06:04 [notice] 32#32: exiting
2025/07/01 17:06:04 [notice] 32#32: exit
2025/07/01 17:06:04 [notice] 33#33: gracefully shutting down
2025/07/01 17:06:04 [notice] 33#33: exiting
2025/07/01 17:06:04 [notice] 33#33: exit
2025/07/01 17:06:04 [notice] 1#1: signal 17 (SIGCHLD) received from 30
2025/07/01 17:06:04 [notice] 1#1: worker process 30 exited with code 0
2025/07/01 17:06:04 [notice] 1#1: worker process 31 exited with code 0
2025/07/01 17:06:04 [notice] 1#1: signal 29 (SIGIO) received
2025/07/01 17:06:04 [notice] 1#1: signal 17 (SIGCHLD) received from 32
2025/07/01 17:06:04 [notice] 1#1: worker process 32 exited with code 0
2025/07/01 17:06:04 [notice] 1#1: worker process 33 exited with code 0
2025/07/01 17:06:04 [notice] 1#1: exit
2025/07/01 17:18:37 [emerg] 1#1: host not found in upstream "component-service" in /etc/nginx/conf.d/default.conf:9
2025/07/01 17:18:54 [emerg] 1#1: host not found in upstream "component-service" in /etc/nginx/conf.d/default.conf:9
2025/07/01 17:43:20 [notice] 1#1: using the "epoll" event method
2025/07/01 17:43:20 [notice] 1#1: nginx/1.21.6
2025/07/01 17:43:20 [notice] 1#1: built by gcc 10.2.1 20210110 (Debian 10.2.1-6) 
2025/07/01 17:43:20 [notice] 1#1: OS: Linux 6.8.0-59-generic
2025/07/01 17:43:20 [notice] 1#1: getrlimit(RLIMIT_NOFILE): 1048576:1048576
2025/07/01 17:43:20 [notice] 1#1: start worker processes
2025/07/01 17:43:20 [notice] 1#1: start worker process 30
2025/07/01 17:43:20 [notice] 1#1: start worker process 31
2025/07/01 17:43:20 [notice] 1#1: start worker process 32
2025/07/01 17:43:20 [notice] 1#1: start worker process 33
2025/07/01 17:45:14 [error] 32#32: *1 connect() failed (113: No route to host) while connecting to upstream, client: 172.21.0.1, server: localtest.me, request: "GET /auth/login HTTP/1.1", upstream: "http://172.21.0.7:5173/auth/login", host: "web.localtest.me"
2025/07/01 18:01:20 [notice] 1#1: signal 3 (SIGQUIT) received, shutting down
2025/07/01 18:01:20 [notice] 30#30: gracefully shutting down
2025/07/01 18:01:20 [notice] 30#30: exiting
2025/07/01 18:01:20 [notice] 30#30: exit
2025/07/01 18:01:20 [notice] 32#32: gracefully shutting down
2025/07/01 18:01:20 [notice] 32#32: exiting
2025/07/01 18:01:20 [notice] 32#32: exit
2025/07/01 18:01:20 [notice] 33#33: gracefully shutting down
2025/07/01 18:01:20 [notice] 33#33: exiting
2025/07/01 18:01:20 [notice] 31#31: gracefully shutting down
2025/07/01 18:01:20 [notice] 33#33: exit
2025/07/01 18:01:20 [notice] 31#31: exiting
2025/07/01 18:01:20 [notice] 31#31: exit
2025/07/01 18:01:20 [notice] 1#1: signal 17 (SIGCHLD) received from 31
2025/07/01 18:01:20 [notice] 1#1: worker process 31 exited with code 0
2025/07/01 18:01:20 [notice] 1#1: worker process 32 exited with code 0
2025/07/01 18:01:20 [notice] 1#1: worker process 33 exited with code 0
2025/07/01 18:01:20 [notice] 1#1: signal 29 (SIGIO) received
2025/07/01 18:01:20 [notice] 1#1: signal 17 (SIGCHLD) received from 30
2025/07/01 18:01:20 [notice] 1#1: worker process 30 exited with code 0
2025/07/01 18:01:20 [notice] 1#1: exit
2025/07/01 18:01:21 [notice] 1#1: using the "epoll" event method
2025/07/01 18:01:21 [notice] 1#1: nginx/1.21.6
2025/07/01 18:01:21 [notice] 1#1: built by gcc 10.2.1 20210110 (Debian 10.2.1-6) 
2025/07/01 18:01:21 [notice] 1#1: OS: Linux 6.8.0-59-generic
2025/07/01 18:01:21 [notice] 1#1: getrlimit(RLIMIT_NOFILE): 1048576:1048576
2025/07/01 18:01:21 [notice] 1#1: start worker processes
2025/07/01 18:01:21 [notice] 1#1: start worker process 30
2025/07/01 18:01:21 [notice] 1#1: start worker process 31
2025/07/01 18:01:21 [notice] 1#1: start worker process 32
2025/07/01 18:01:21 [notice] 1#1: start worker process 33
2025/07/01 19:06:17 [notice] 1#1: signal 3 (SIGQUIT) received, shutting down
2025/07/01 19:06:17 [notice] 30#30: gracefully shutting down
2025/07/01 19:06:17 [notice] 30#30: exiting
2025/07/01 19:06:17 [notice] 30#30: exit
2025/07/01 19:06:17 [notice] 31#31: gracefully shutting down
2025/07/01 19:06:17 [notice] 31#31: exiting
2025/07/01 19:06:17 [notice] 31#31: exit
2025/07/01 19:06:17 [notice] 32#32: gracefully shutting down
2025/07/01 19:06:17 [notice] 32#32: exiting
2025/07/01 19:06:17 [notice] 32#32: exit
2025/07/01 19:06:17 [notice] 33#33: gracefully shutting down
2025/07/01 19:06:17 [notice] 33#33: exiting
2025/07/01 19:06:17 [notice] 33#33: exit
2025/07/01 19:06:17 [notice] 1#1: signal 17 (SIGCHLD) received from 32
2025/07/01 19:06:17 [notice] 1#1: worker process 32 exited with code 0
2025/07/01 19:06:17 [notice] 1#1: signal 29 (SIGIO) received
2025/07/01 19:06:17 [notice] 1#1: signal 17 (SIGCHLD) received from 31
2025/07/01 19:06:17 [notice] 1#1: worker process 30 exited with code 0
2025/07/01 19:06:17 [notice] 1#1: worker process 31 exited with code 0
2025/07/01 19:06:17 [notice] 1#1: worker process 33 exited with code 0
2025/07/01 19:06:17 [notice] 1#1: exit
2025/07/01 19:06:17 [notice] 1#1: using the "epoll" event method
2025/07/01 19:06:17 [notice] 1#1: nginx/1.21.6
2025/07/01 19:06:17 [notice] 1#1: built by gcc 10.2.1 20210110 (Debian 10.2.1-6) 
2025/07/01 19:06:17 [notice] 1#1: OS: Linux 6.8.0-59-generic
2025/07/01 19:06:17 [notice] 1#1: getrlimit(RLIMIT_NOFILE): 1048576:1048576
2025/07/01 19:06:17 [notice] 1#1: start worker processes
2025/07/01 19:06:17 [notice] 1#1: start worker process 30
2025/07/01 19:06:17 [notice] 1#1: start worker process 31
2025/07/01 19:06:17 [notice] 1#1: start worker process 32
2025/07/01 19:06:17 [notice] 1#1: start worker process 33
2025/07/01 19:06:58 [notice] 1#1: signal 3 (SIGQUIT) received, shutting down
2025/07/01 19:06:58 [notice] 30#30: gracefully shutting down
2025/07/01 19:06:58 [notice] 31#31: gracefully shutting down
2025/07/01 19:06:58 [notice] 32#32: gracefully shutting down
2025/07/01 19:06:58 [notice] 32#32: exiting
2025/07/01 19:06:58 [notice] 31#31: exiting
2025/07/01 19:06:58 [notice] 32#32: exit
2025/07/01 19:06:58 [notice] 31#31: exit
2025/07/01 19:06:58 [notice] 33#33: gracefully shutting down
2025/07/01 19:06:58 [notice] 33#33: exiting
2025/07/01 19:06:58 [notice] 33#33: exit
2025/07/01 19:06:58 [notice] 30#30: exiting
2025/07/01 19:06:58 [notice] 30#30: exit
2025/07/01 19:06:58 [notice] 1#1: signal 17 (SIGCHLD) received from 32
2025/07/01 19:06:58 [notice] 1#1: worker process 30 exited with code 0
2025/07/01 19:06:58 [notice] 1#1: worker process 32 exited with code 0
2025/07/01 19:06:58 [notice] 1#1: worker process 33 exited with code 0
2025/07/01 19:06:58 [notice] 1#1: signal 29 (SIGIO) received
2025/07/01 19:06:58 [notice] 1#1: signal 17 (SIGCHLD) received from 33
2025/07/01 19:06:58 [notice] 1#1: signal 17 (SIGCHLD) received from 31
2025/07/01 19:06:58 [notice] 1#1: worker process 31 exited with code 0
2025/07/01 19:06:58 [notice] 1#1: exit
2025/07/01 19:07:00 [notice] 1#1: using the "epoll" event method
2025/07/01 19:07:00 [notice] 1#1: nginx/1.21.6
2025/07/01 19:07:00 [notice] 1#1: built by gcc 10.2.1 20210110 (Debian 10.2.1-6) 
2025/07/01 19:07:00 [notice] 1#1: OS: Linux 6.8.0-59-generic
2025/07/01 19:07:00 [notice] 1#1: getrlimit(RLIMIT_NOFILE): 1048576:1048576
2025/07/01 19:07:00 [notice] 1#1: start worker processes
2025/07/01 19:07:00 [notice] 1#1: start worker process 30
2025/07/01 19:07:00 [notice] 1#1: start worker process 31
2025/07/01 19:07:00 [notice] 1#1: start worker process 32
2025/07/01 19:07:00 [notice] 1#1: start worker process 33
2025/07/01 19:07:05 [error] 31#31: *1 "/etc/nginx/html/index.html" is not found (2: No such file or directory), client: 172.21.0.1, server: localtest.me, request: "GET / HTTP/1.1", host: "api.creus.edu.ar"
2025/07/01 19:07:06 [error] 31#31: *1 open() "/etc/nginx/html/favicon.ico" failed (2: No such file or directory), client: 172.21.0.1, server: localtest.me, request: "GET /favicon.ico HTTP/1.1", host: "api.creus.edu.ar", referrer: "http://api.creus.edu.ar/"
2025/07/01 19:07:07 [error] 31#31: *1 "/etc/nginx/html/index.html" is not found (2: No such file or directory), client: 172.21.0.1, server: localtest.me, request: "GET / HTTP/1.1", host: "api.creus.edu.ar"
2025/07/01 19:07:10 [error] 31#31: *1 "/etc/nginx/html/index.html" is not found (2: No such file or directory), client: 172.21.0.1, server: localtest.me, request: "GET / HTTP/1.1", host: "api.creus.edu.ar"
2025/07/01 19:07:10 [error] 31#31: *1 "/etc/nginx/html/index.html" is not found (2: No such file or directory), client: 172.21.0.1, server: localtest.me, request: "GET / HTTP/1.1", host: "api.creus.edu.ar"
2025/07/01 19:07:49 [notice] 1#1: signal 3 (SIGQUIT) received, shutting down
2025/07/01 19:07:49 [notice] 31#31: gracefully shutting down
2025/07/01 19:07:49 [notice] 31#31: exiting
2025/07/01 19:07:49 [notice] 32#32: gracefully shutting down
2025/07/01 19:07:49 [notice] 33#33: gracefully shutting down
2025/07/01 19:07:49 [notice] 33#33: exiting
2025/07/01 19:07:49 [notice] 33#33: exit
2025/07/01 19:07:49 [notice] 30#30: gracefully shutting down
2025/07/01 19:07:49 [notice] 30#30: exiting
2025/07/01 19:07:49 [notice] 30#30: exit
2025/07/01 19:07:49 [notice] 32#32: exiting
2025/07/01 19:07:49 [notice] 32#32: exit
2025/07/01 19:07:49 [notice] 31#31: exit
2025/07/01 19:07:49 [notice] 1#1: signal 17 (SIGCHLD) received from 33
2025/07/01 19:07:49 [notice] 1#1: worker process 33 exited with code 0
2025/07/01 19:07:49 [notice] 1#1: signal 29 (SIGIO) received
2025/07/01 19:07:49 [notice] 1#1: signal 17 (SIGCHLD) received from 32
2025/07/01 19:07:49 [notice] 1#1: worker process 32 exited with code 0
2025/07/01 19:07:49 [notice] 1#1: signal 29 (SIGIO) received
2025/07/01 19:07:49 [notice] 1#1: signal 17 (SIGCHLD) received from 30
2025/07/01 19:07:49 [notice] 1#1: worker process 30 exited with code 0
2025/07/01 19:07:49 [notice] 1#1: signal 29 (SIGIO) received
2025/07/01 19:07:49 [notice] 1#1: signal 17 (SIGCHLD) received from 31
2025/07/01 19:07:49 [notice] 1#1: worker process 31 exited with code 0
2025/07/01 19:07:49 [notice] 1#1: exit
2025/07/01 19:07:49 [notice] 1#1: using the "epoll" event method
2025/07/01 19:07:49 [notice] 1#1: nginx/1.21.6
2025/07/01 19:07:49 [notice] 1#1: built by gcc 10.2.1 20210110 (Debian 10.2.1-6) 
2025/07/01 19:07:49 [notice] 1#1: OS: Linux 6.8.0-59-generic
2025/07/01 19:07:49 [notice] 1#1: getrlimit(RLIMIT_NOFILE): 1048576:1048576
2025/07/01 19:07:49 [notice] 1#1: start worker processes
2025/07/01 19:07:49 [notice] 1#1: start worker process 29
2025/07/01 19:07:49 [notice] 1#1: start worker process 30
2025/07/01 19:07:49 [notice] 1#1: start worker process 31
2025/07/01 19:07:49 [notice] 1#1: start worker process 32
2025/07/01 19:07:52 [error] 29#29: *1 open() "/etc/nginx/html/control/services/all" failed (2: No such file or directory), client: 172.21.0.1, server: localtest.me, request: "GET /control/services/all HTTP/1.1", host: "api.creus.edu.ar"
2025/07/01 19:07:55 [error] 29#29: *1 open() "/etc/nginx/html/control/services/all" failed (2: No such file or directory), client: 172.21.0.1, server: localtest.me, request: "GET /control/services/all HTTP/1.1", host: "api.creus.edu.ar"
2025/07/01 19:07:56 [error] 29#29: *1 open() "/etc/nginx/html/control/services/all" failed (2: No such file or directory), client: 172.21.0.1, server: localtest.me, request: "GET /control/services/all HTTP/1.1", host: "api.creus.edu.ar"
2025/07/01 19:07:57 [error] 29#29: *1 open() "/etc/nginx/html/control/services/all" failed (2: No such file or directory), client: 172.21.0.1, server: localtest.me, request: "GET /control/services/all HTTP/1.1", host: "api.creus.edu.ar"
2025/07/01 19:08:05 [notice] 1#1: signal 3 (SIGQUIT) received, shutting down
2025/07/01 19:08:05 [notice] 29#29: gracefully shutting down
2025/07/01 19:08:05 [notice] 31#31: gracefully shutting down
2025/07/01 19:08:05 [notice] 31#31: exiting
2025/07/01 19:08:05 [notice] 29#29: exiting
2025/07/01 19:08:05 [notice] 31#31: exit
2025/07/01 19:08:05 [notice] 29#29: exit
2025/07/01 19:08:05 [notice] 32#32: gracefully shutting down
2025/07/01 19:08:05 [notice] 32#32: exiting
2025/07/01 19:08:05 [notice] 32#32: exit
2025/07/01 19:08:05 [notice] 30#30: gracefully shutting down
2025/07/01 19:08:05 [notice] 30#30: exiting
2025/07/01 19:08:05 [notice] 30#30: exit
2025/07/01 19:08:05 [notice] 1#1: signal 17 (SIGCHLD) received from 31
2025/07/01 19:08:05 [notice] 1#1: worker process 31 exited with code 0
2025/07/01 19:08:05 [notice] 1#1: signal 29 (SIGIO) received
2025/07/01 19:08:05 [notice] 1#1: signal 17 (SIGCHLD) received from 32
2025/07/01 19:08:05 [notice] 1#1: worker process 29 exited with code 0
2025/07/01 19:08:05 [notice] 1#1: worker process 32 exited with code 0
2025/07/01 19:08:05 [notice] 1#1: signal 29 (SIGIO) received
2025/07/01 19:08:05 [notice] 1#1: signal 17 (SIGCHLD) received from 30
2025/07/01 19:08:05 [notice] 1#1: worker process 30 exited with code 0
2025/07/01 19:08:05 [notice] 1#1: exit
2025/07/01 19:08:07 [notice] 1#1: using the "epoll" event method
2025/07/01 19:08:07 [notice] 1#1: nginx/1.21.6
2025/07/01 19:08:07 [notice] 1#1: built by gcc 10.2.1 20210110 (Debian 10.2.1-6) 
2025/07/01 19:08:07 [notice] 1#1: OS: Linux 6.8.0-59-generic
2025/07/01 19:08:07 [notice] 1#1: getrlimit(RLIMIT_NOFILE): 1048576:1048576
2025/07/01 19:08:07 [notice] 1#1: start worker processes
2025/07/01 19:08:07 [notice] 1#1: start worker process 30
2025/07/01 19:08:07 [notice] 1#1: start worker process 31
2025/07/01 19:08:07 [notice] 1#1: start worker process 32
2025/07/01 19:08:07 [notice] 1#1: start worker process 33
2025/07/01 19:08:10 [error] 30#30: *1 open() "/etc/nginx/html/control/services/all" failed (2: No such file or directory), client: 172.21.0.1, server: localtest.me, request: "GET /control/services/all HTTP/1.1", host: "api.creus.edu.ar"
2025/07/01 19:08:11 [error] 30#30: *1 open() "/etc/nginx/html/control/services/all" failed (2: No such file or directory), client: 172.21.0.1, server: localtest.me, request: "GET /control/services/all HTTP/1.1", host: "api.creus.edu.ar"
2025/07/01 19:08:12 [error] 30#30: *1 open() "/etc/nginx/html/control/services/all" failed (2: No such file or directory), client: 172.21.0.1, server: localtest.me, request: "GET /control/services/all HTTP/1.1", host: "api.creus.edu.ar"
2025/07/01 19:08:12 [error] 30#30: *1 open() "/etc/nginx/html/control/services/all" failed (2: No such file or directory), client: 172.21.0.1, server: localtest.me, request: "GET /control/services/all HTTP/1.1", host: "api.creus.edu.ar"
2025/07/01 19:55:03 [notice] 1#1: using the "epoll" event method
2025/07/01 19:55:03 [notice] 1#1: nginx/1.21.6
2025/07/01 19:55:03 [notice] 1#1: built by gcc 10.2.1 20210110 (Debian 10.2.1-6) 
2025/07/01 19:55:03 [notice] 1#1: OS: Linux 6.8.0-59-generic
2025/07/01 19:55:03 [notice] 1#1: getrlimit(RLIMIT_NOFILE): 1048576:1048576
2025/07/01 19:55:03 [notice] 1#1: start worker processes
2025/07/01 19:55:03 [notice] 1#1: start worker process 30
2025/07/01 19:55:03 [notice] 1#1: start worker process 31
2025/07/01 19:55:03 [notice] 1#1: start worker process 32
2025/07/01 19:55:03 [notice] 1#1: start worker process 33
2025/07/01 19:55:10 [error] 30#30: *1 "/etc/nginx/html/index.html" is not found (2: No such file or directory), client: 172.21.0.1, server: creus.edu.ar, request: "GET / HTTP/1.1", host: "creus.edu.ar"
2025/07/01 19:55:10 [error] 30#30: *1 open() "/etc/nginx/html/favicon.ico" failed (2: No such file or directory), client: 172.21.0.1, server: creus.edu.ar, request: "GET /favicon.ico HTTP/1.1", host: "creus.edu.ar", referrer: "http://creus.edu.ar/"
2025/07/01 19:55:12 [error] 30#30: *1 "/etc/nginx/html/index.html" is not found (2: No such file or directory), client: 172.21.0.1, server: creus.edu.ar, request: "GET / HTTP/1.1", host: "creus.edu.ar"
2025/07/01 19:55:13 [error] 30#30: *1 "/etc/nginx/html/index.html" is not found (2: No such file or directory), client: 172.21.0.1, server: creus.edu.ar, request: "GET / HTTP/1.1", host: "creus.edu.ar"
2025/07/01 19:55:13 [error] 30#30: *1 "/etc/nginx/html/index.html" is not found (2: No such file or directory), client: 172.21.0.1, server: creus.edu.ar, request: "GET / HTTP/1.1", host: "creus.edu.ar"
2025/07/01 19:55:46 [error] 31#31: *2 "/etc/nginx/html/index.html" is not found (2: No such file or directory), client: 172.21.0.1, server: creus.edu.ar, request: "GET / HTTP/1.1", host: "admin.creus.edu.ar"
2025/07/01 19:55:47 [error] 31#31: *2 open() "/etc/nginx/html/favicon.ico" failed (2: No such file or directory), client: 172.21.0.1, server: creus.edu.ar, request: "GET /favicon.ico HTTP/1.1", host: "admin.creus.edu.ar", referrer: "http://admin.creus.edu.ar/"
2025/07/01 19:55:49 [error] 31#31: *2 "/etc/nginx/html/index.html" is not found (2: No such file or directory), client: 172.21.0.1, server: creus.edu.ar, request: "GET / HTTP/1.1", host: "admin.creus.edu.ar"
2025/07/01 19:55:50 [error] 31#31: *2 "/etc/nginx/html/index.html" is not found (2: No such file or directory), client: 172.21.0.1, server: creus.edu.ar, request: "GET / HTTP/1.1", host: "admin.creus.edu.ar"
2025/07/01 19:55:50 [error] 31#31: *2 "/etc/nginx/html/index.html" is not found (2: No such file or directory), client: 172.21.0.1, server: creus.edu.ar, request: "GET / HTTP/1.1", host: "admin.creus.edu.ar"
2025/07/01 19:55:51 [error] 31#31: *2 "/etc/nginx/html/index.html" is not found (2: No such file or directory), client: 172.21.0.1, server: creus.edu.ar, request: "GET / HTTP/1.1", host: "admin.creus.edu.ar"
2025/07/01 19:55:51 [error] 31#31: *2 "/etc/nginx/html/index.html" is not found (2: No such file or directory), client: 172.21.0.1, server: creus.edu.ar, request: "GET / HTTP/1.1", host: "admin.creus.edu.ar"
2025/07/01 19:55:51 [error] 31#31: *2 "/etc/nginx/html/index.html" is not found (2: No such file or directory), client: 172.21.0.1, server: creus.edu.ar, request: "GET / HTTP/1.1", host: "admin.creus.edu.ar"
2025/07/01 19:55:51 [error] 31#31: *2 "/etc/nginx/html/index.html" is not found (2: No such file or directory), client: 172.21.0.1, server: creus.edu.ar, request: "GET / HTTP/1.1", host: "admin.creus.edu.ar"
2025/07/01 19:55:52 [error] 31#31: *2 "/etc/nginx/html/index.html" is not found (2: No such file or directory), client: 172.21.0.1, server: creus.edu.ar, request: "GET / HTTP/1.1", host: "admin.creus.edu.ar"
2025/07/01 19:55:54 [error] 31#31: *2 "/etc/nginx/html/index.html" is not found (2: No such file or directory), client: 172.21.0.1, server: creus.edu.ar, request: "GET / HTTP/1.1", host: "admin.creus.edu.ar"
2025/07/01 19:56:09 [notice] 1#1: signal 3 (SIGQUIT) received, shutting down
2025/07/01 19:56:09 [notice] 31#31: gracefully shutting down
2025/07/01 19:56:09 [notice] 30#30: gracefully shutting down
2025/07/01 19:56:09 [notice] 32#32: gracefully shutting down
2025/07/01 19:56:09 [notice] 32#32: exiting
2025/07/01 19:56:09 [notice] 31#31: exiting
2025/07/01 19:56:09 [notice] 30#30: exiting
2025/07/01 19:56:09 [notice] 32#32: exit
2025/07/01 19:56:09 [notice] 30#30: exit
2025/07/01 19:56:09 [notice] 31#31: exit
2025/07/01 19:56:09 [notice] 33#33: gracefully shutting down
2025/07/01 19:56:09 [notice] 33#33: exiting
2025/07/01 19:56:09 [notice] 33#33: exit
2025/07/01 19:56:09 [notice] 1#1: signal 17 (SIGCHLD) received from 31
2025/07/01 19:56:09 [notice] 1#1: worker process 31 exited with code 0
2025/07/01 19:56:09 [notice] 1#1: signal 29 (SIGIO) received
2025/07/01 19:56:09 [notice] 1#1: signal 17 (SIGCHLD) received from 30
2025/07/01 19:56:09 [notice] 1#1: worker process 30 exited with code 0
2025/07/01 19:56:09 [notice] 1#1: worker process 32 exited with code 0
2025/07/01 19:56:09 [notice] 1#1: signal 29 (SIGIO) received
2025/07/01 19:56:09 [notice] 1#1: signal 17 (SIGCHLD) received from 33
2025/07/01 19:56:09 [notice] 1#1: worker process 33 exited with code 0
2025/07/01 19:56:09 [notice] 1#1: exit
2025/07/01 19:56:12 [notice] 1#1: using the "epoll" event method
2025/07/01 19:56:12 [notice] 1#1: nginx/1.21.6
2025/07/01 19:56:12 [notice] 1#1: built by gcc 10.2.1 20210110 (Debian 10.2.1-6) 
2025/07/01 19:56:12 [notice] 1#1: OS: Linux 6.8.0-59-generic
2025/07/01 19:56:12 [notice] 1#1: getrlimit(RLIMIT_NOFILE): 1048576:1048576
2025/07/01 19:56:12 [notice] 1#1: start worker processes
2025/07/01 19:56:12 [notice] 1#1: start worker process 30
2025/07/01 19:56:12 [notice] 1#1: start worker process 31
2025/07/01 19:56:12 [notice] 1#1: start worker process 32
2025/07/01 19:56:12 [notice] 1#1: start worker process 33
2025/07/01 19:56:14 [error] 30#30: *1 "/etc/nginx/html/index.html" is not found (2: No such file or directory), client: 172.21.0.1, server: creus.edu.ar, request: "GET / HTTP/1.1", host: "admin.creus.edu.ar"
2025/07/01 19:56:14 [error] 30#30: *1 "/etc/nginx/html/index.html" is not found (2: No such file or directory), client: 172.21.0.1, server: creus.edu.ar, request: "GET / HTTP/1.1", host: "admin.creus.edu.ar"
2025/07/01 19:56:15 [error] 30#30: *1 "/etc/nginx/html/index.html" is not found (2: No such file or directory), client: 172.21.0.1, server: creus.edu.ar, request: "GET / HTTP/1.1", host: "admin.creus.edu.ar"
2025/07/01 19:56:15 [error] 30#30: *1 "/etc/nginx/html/index.html" is not found (2: No such file or directory), client: 172.21.0.1, server: creus.edu.ar, request: "GET / HTTP/1.1", host: "admin.creus.edu.ar"
2025/07/01 19:56:16 [error] 30#30: *1 "/etc/nginx/html/index.html" is not found (2: No such file or directory), client: 172.21.0.1, server: creus.edu.ar, request: "GET / HTTP/1.1", host: "admin.creus.edu.ar"
2025/07/01 19:57:27 [notice] 1#1: signal 3 (SIGQUIT) received, shutting down
2025/07/01 19:57:27 [notice] 30#30: gracefully shutting down
2025/07/01 19:57:27 [notice] 30#30: exiting
2025/07/01 19:57:27 [notice] 30#30: exit
2025/07/01 19:57:27 [notice] 31#31: gracefully shutting down
2025/07/01 19:57:27 [notice] 31#31: exiting
2025/07/01 19:57:27 [notice] 31#31: exit
2025/07/01 19:57:27 [notice] 33#33: gracefully shutting down
2025/07/01 19:57:27 [notice] 33#33: exiting
2025/07/01 19:57:27 [notice] 33#33: exit
2025/07/01 19:57:27 [notice] 32#32: gracefully shutting down
2025/07/01 19:57:27 [notice] 32#32: exiting
2025/07/01 19:57:27 [notice] 32#32: exit
2025/07/01 19:57:27 [notice] 1#1: signal 17 (SIGCHLD) received from 31
2025/07/01 19:57:27 [notice] 1#1: worker process 30 exited with code 0
2025/07/01 19:57:27 [notice] 1#1: worker process 31 exited with code 0
2025/07/01 19:57:27 [notice] 1#1: signal 29 (SIGIO) received
2025/07/01 19:57:27 [notice] 1#1: signal 17 (SIGCHLD) received from 30
2025/07/01 19:57:27 [notice] 1#1: worker process 32 exited with code 0
2025/07/01 19:57:27 [notice] 1#1: signal 29 (SIGIO) received
2025/07/01 19:57:27 [notice] 1#1: signal 17 (SIGCHLD) received from 33
2025/07/01 19:57:27 [notice] 1#1: worker process 33 exited with code 0
2025/07/01 19:57:27 [notice] 1#1: exit
2025/07/01 19:57:30 [notice] 1#1: using the "epoll" event method
2025/07/01 19:57:30 [notice] 1#1: nginx/1.21.6
2025/07/01 19:57:30 [notice] 1#1: built by gcc 10.2.1 20210110 (Debian 10.2.1-6) 
2025/07/01 19:57:30 [notice] 1#1: OS: Linux 6.8.0-59-generic
2025/07/01 19:57:30 [notice] 1#1: getrlimit(RLIMIT_NOFILE): 1048576:1048576
2025/07/01 19:57:30 [notice] 1#1: start worker processes
2025/07/01 19:57:30 [notice] 1#1: start worker process 30
2025/07/01 19:57:30 [notice] 1#1: start worker process 31
2025/07/01 19:57:30 [notice] 1#1: start worker process 32
2025/07/01 19:57:30 [notice] 1#1: start worker process 33
2025/07/01 20:01:35 [notice] 1#1: signal 3 (SIGQUIT) received, shutting down
2025/07/01 20:01:35 [notice] 30#30: gracefully shutting down
2025/07/01 20:01:35 [notice] 30#30: exiting
2025/07/01 20:01:35 [notice] 32#32: gracefully shutting down
2025/07/01 20:01:35 [notice] 32#32: exiting
2025/07/01 20:01:35 [notice] 33#33: gracefully shutting down
2025/07/01 20:01:35 [notice] 31#31: gracefully shutting down
2025/07/01 20:01:35 [notice] 32#32: exit
2025/07/01 20:01:35 [notice] 33#33: exiting
2025/07/01 20:01:35 [notice] 31#31: exiting
2025/07/01 20:01:35 [notice] 33#33: exit
2025/07/01 20:01:35 [notice] 31#31: exit
2025/07/01 20:01:35 [notice] 30#30: exit
2025/07/01 20:01:35 [notice] 1#1: signal 17 (SIGCHLD) received from 30
2025/07/01 20:01:35 [notice] 1#1: worker process 30 exited with code 0
2025/07/01 20:01:35 [notice] 1#1: signal 29 (SIGIO) received
2025/07/01 20:01:35 [notice] 1#1: signal 17 (SIGCHLD) received from 31
2025/07/01 20:01:35 [notice] 1#1: worker process 31 exited with code 0
2025/07/01 20:01:35 [notice] 1#1: signal 29 (SIGIO) received
2025/07/01 20:01:35 [notice] 1#1: signal 17 (SIGCHLD) received from 33
2025/07/01 20:01:35 [notice] 1#1: worker process 32 exited with code 0
2025/07/01 20:01:35 [notice] 1#1: worker process 33 exited with code 0
2025/07/01 20:01:35 [notice] 1#1: exit
2025/07/01 20:01:37 [emerg] 1#1: host not found in upstream "api-cupons" in /etc/nginx/conf.d/default.conf:5
2025/07/01 20:01:43 [emerg] 1#1: host not found in upstream "api-cupons" in /etc/nginx/conf.d/default.conf:5
2025/07/01 20:01:58 [notice] 1#1: using the "epoll" event method
2025/07/01 20:01:58 [notice] 1#1: nginx/1.21.6
2025/07/01 20:01:58 [notice] 1#1: built by gcc 10.2.1 20210110 (Debian 10.2.1-6) 
2025/07/01 20:01:58 [notice] 1#1: OS: Linux 6.8.0-59-generic
2025/07/01 20:01:58 [notice] 1#1: getrlimit(RLIMIT_NOFILE): 1048576:1048576
2025/07/01 20:01:58 [notice] 1#1: start worker processes
2025/07/01 20:01:58 [notice] 1#1: start worker process 30
2025/07/01 20:01:58 [notice] 1#1: start worker process 31
2025/07/01 20:01:58 [notice] 1#1: start worker process 32
2025/07/01 20:01:58 [notice] 1#1: start worker process 33
2025/07/01 20:05:10 [notice] 1#1: signal 3 (SIGQUIT) received, shutting down
2025/07/01 20:05:10 [notice] 32#32: gracefully shutting down
2025/07/01 20:05:10 [notice] 30#30: gracefully shutting down
2025/07/01 20:05:10 [notice] 32#32: exiting
2025/07/01 20:05:10 [notice] 30#30: exiting
2025/07/01 20:05:10 [notice] 32#32: exit
2025/07/01 20:05:10 [notice] 30#30: exit
2025/07/01 20:05:10 [notice] 31#31: gracefully shutting down
2025/07/01 20:05:10 [notice] 31#31: exiting
2025/07/01 20:05:10 [notice] 31#31: exit
2025/07/01 20:05:10 [notice] 33#33: gracefully shutting down
2025/07/01 20:05:10 [notice] 33#33: exiting
2025/07/01 20:05:10 [notice] 33#33: exit
2025/07/01 20:05:10 [notice] 1#1: signal 17 (SIGCHLD) received from 32
2025/07/01 20:05:10 [notice] 1#1: worker process 32 exited with code 0
2025/07/01 20:05:10 [notice] 1#1: signal 29 (SIGIO) received
2025/07/01 20:05:10 [notice] 1#1: signal 17 (SIGCHLD) received from 31
2025/07/01 20:05:10 [notice] 1#1: worker process 31 exited with code 0
2025/07/01 20:05:10 [notice] 1#1: worker process 30 exited with code 0
2025/07/01 20:05:10 [notice] 1#1: signal 29 (SIGIO) received
2025/07/01 20:05:10 [notice] 1#1: signal 17 (SIGCHLD) received from 30
2025/07/01 20:05:10 [notice] 1#1: signal 17 (SIGCHLD) received from 33
2025/07/01 20:05:10 [notice] 1#1: worker process 33 exited with code 0
2025/07/01 20:05:10 [notice] 1#1: exit
2025/07/01 20:05:13 [notice] 1#1: using the "epoll" event method
2025/07/01 20:05:13 [notice] 1#1: nginx/1.21.6
2025/07/01 20:05:13 [notice] 1#1: built by gcc 10.2.1 20210110 (Debian 10.2.1-6) 
2025/07/01 20:05:13 [notice] 1#1: OS: Linux 6.8.0-59-generic
2025/07/01 20:05:13 [notice] 1#1: getrlimit(RLIMIT_NOFILE): 1048576:1048576
2025/07/01 20:05:13 [notice] 1#1: start worker processes
2025/07/01 20:05:13 [notice] 1#1: start worker process 30
2025/07/01 20:05:13 [notice] 1#1: start worker process 31
2025/07/01 20:05:13 [notice] 1#1: start worker process 32
2025/07/01 20:05:13 [notice] 1#1: start worker process 33
2025/07/01 20:05:39 [notice] 1#1: signal 3 (SIGQUIT) received, shutting down
2025/07/01 20:05:39 [notice] 30#30: gracefully shutting down
2025/07/01 20:05:39 [notice] 30#30: exiting
2025/07/01 20:05:39 [notice] 30#30: exit
2025/07/01 20:05:39 [notice] 31#31: gracefully shutting down
2025/07/01 20:05:39 [notice] 33#33: gracefully shutting down
2025/07/01 20:05:39 [notice] 33#33: exiting
2025/07/01 20:05:39 [notice] 31#31: exiting
2025/07/01 20:05:39 [notice] 32#32: gracefully shutting down
2025/07/01 20:05:39 [notice] 32#32: exiting
2025/07/01 20:05:39 [notice] 31#31: exit
2025/07/01 20:05:39 [notice] 33#33: exit
2025/07/01 20:05:39 [notice] 32#32: exit
2025/07/01 20:05:39 [notice] 1#1: signal 17 (SIGCHLD) received from 32
2025/07/01 20:05:39 [notice] 1#1: worker process 30 exited with code 0
2025/07/01 20:05:39 [notice] 1#1: worker process 32 exited with code 0
2025/07/01 20:05:39 [notice] 1#1: signal 29 (SIGIO) received
2025/07/01 20:05:39 [notice] 1#1: signal 17 (SIGCHLD) received from 30
2025/07/01 20:05:39 [notice] 1#1: signal 17 (SIGCHLD) received from 31
2025/07/01 20:05:39 [notice] 1#1: worker process 31 exited with code 0
2025/07/01 20:05:39 [notice] 1#1: signal 29 (SIGIO) received
2025/07/01 20:05:39 [notice] 1#1: signal 17 (SIGCHLD) received from 33
2025/07/01 20:05:39 [notice] 1#1: worker process 33 exited with code 0
2025/07/01 20:05:39 [notice] 1#1: exit
2025/07/01 20:05:40 [notice] 1#1: using the "epoll" event method
2025/07/01 20:05:40 [notice] 1#1: nginx/1.21.6
2025/07/01 20:05:40 [notice] 1#1: built by gcc 10.2.1 20210110 (Debian 10.2.1-6) 
2025/07/01 20:05:40 [notice] 1#1: OS: Linux 6.8.0-59-generic
2025/07/01 20:05:40 [notice] 1#1: getrlimit(RLIMIT_NOFILE): 1048576:1048576
2025/07/01 20:05:40 [notice] 1#1: start worker processes
2025/07/01 20:05:40 [notice] 1#1: start worker process 30
2025/07/01 20:05:40 [notice] 1#1: start worker process 31
2025/07/01 20:05:40 [notice] 1#1: start worker process 32
2025/07/01 20:05:40 [notice] 1#1: start worker process 33
2025/07/01 20:06:09 [notice] 1#1: signal 3 (SIGQUIT) received, shutting down
2025/07/01 20:06:09 [notice] 32#32: gracefully shutting down
2025/07/01 20:06:09 [notice] 30#30: gracefully shutting down
2025/07/01 20:06:09 [notice] 32#32: exiting
2025/07/01 20:06:09 [notice] 30#30: exiting
2025/07/01 20:06:09 [notice] 32#32: exit
2025/07/01 20:06:09 [notice] 30#30: exit
2025/07/01 20:06:09 [notice] 31#31: gracefully shutting down
2025/07/01 20:06:09 [notice] 31#31: exiting
2025/07/01 20:06:09 [notice] 31#31: exit
2025/07/01 20:06:09 [notice] 33#33: gracefully shutting down
2025/07/01 20:06:09 [notice] 33#33: exiting
2025/07/01 20:06:09 [notice] 33#33: exit
2025/07/01 20:06:09 [notice] 1#1: signal 17 (SIGCHLD) received from 33
2025/07/01 20:06:09 [notice] 1#1: worker process 30 exited with code 0
2025/07/01 20:06:09 [notice] 1#1: worker process 33 exited with code 0
2025/07/01 20:06:09 [notice] 1#1: signal 29 (SIGIO) received
2025/07/01 20:06:09 [notice] 1#1: signal 17 (SIGCHLD) received from 30
2025/07/01 20:06:09 [notice] 1#1: signal 17 (SIGCHLD) received from 32
2025/07/01 20:06:09 [notice] 1#1: worker process 31 exited with code 0
2025/07/01 20:06:09 [notice] 1#1: worker process 32 exited with code 0
2025/07/01 20:06:09 [notice] 1#1: exit
2025/07/01 20:06:10 [notice] 1#1: using the "epoll" event method
2025/07/01 20:06:10 [notice] 1#1: nginx/1.21.6
2025/07/01 20:06:10 [notice] 1#1: built by gcc 10.2.1 20210110 (Debian 10.2.1-6) 
2025/07/01 20:06:10 [notice] 1#1: OS: Linux 6.8.0-59-generic
2025/07/01 20:06:10 [notice] 1#1: getrlimit(RLIMIT_NOFILE): 1048576:1048576
2025/07/01 20:06:10 [notice] 1#1: start worker processes
2025/07/01 20:06:10 [notice] 1#1: start worker process 30
2025/07/01 20:06:10 [notice] 1#1: start worker process 31
2025/07/01 20:06:10 [notice] 1#1: start worker process 32
2025/07/01 20:06:10 [notice] 1#1: start worker process 33
2025/07/01 20:06:13 [error] 30#30: *1 "/etc/nginx/html/index.html" is not found (2: No such file or directory), client: 172.21.0.1, server: localtest.me, request: "GET / HTTP/1.1", host: "api.creus.edu.ar"
2025/07/01 20:06:17 [error] 30#30: *1 "/etc/nginx/html/index.html" is not found (2: No such file or directory), client: 172.21.0.1, server: localtest.me, request: "GET / HTTP/1.1", host: "api.creus.edu.ar"
2025/07/01 20:06:25 [error] 31#31: *2 open() "/etc/nginx/html/auth/login" failed (2: No such file or directory), client: 172.21.0.1, server: localtest.me, request: "GET /auth/login HTTP/1.1", host: "admin.creus.edu.ar", referrer: "http://admin.creus.edu.ar/"
2025/07/01 20:06:26 [error] 31#31: *2 open() "/etc/nginx/html/auth/login" failed (2: No such file or directory), client: 172.21.0.1, server: localtest.me, request: "GET /auth/login HTTP/1.1", host: "admin.creus.edu.ar", referrer: "http://admin.creus.edu.ar/"
2025/07/01 20:06:28 [error] 31#31: *2 "/etc/nginx/html/index.html" is not found (2: No such file or directory), client: 172.21.0.1, server: localtest.me, request: "GET / HTTP/1.1", host: "admin.creus.edu.ar"
2025/07/01 20:06:38 [error] 30#30: *1 "/etc/nginx/html/index.html" is not found (2: No such file or directory), client: 172.21.0.1, server: localtest.me, request: "GET / HTTP/1.1", host: "api.creus.edu.ar"
2025/07/01 20:06:44 [notice] 1#1: signal 3 (SIGQUIT) received, shutting down
2025/07/01 20:06:44 [notice] 30#30: gracefully shutting down
2025/07/01 20:06:44 [notice] 32#32: gracefully shutting down
2025/07/01 20:06:44 [notice] 32#32: exiting
2025/07/01 20:06:44 [notice] 30#30: exiting
2025/07/01 20:06:44 [notice] 32#32: exit
2025/07/01 20:06:44 [notice] 30#30: exit
2025/07/01 20:06:44 [notice] 31#31: gracefully shutting down
2025/07/01 20:06:44 [notice] 33#33: gracefully shutting down
2025/07/01 20:06:44 [notice] 33#33: exiting
2025/07/01 20:06:44 [notice] 33#33: exit
2025/07/01 20:06:44 [notice] 31#31: exiting
2025/07/01 20:06:44 [notice] 31#31: exit
2025/07/01 20:06:44 [notice] 1#1: signal 17 (SIGCHLD) received from 32
2025/07/01 20:06:44 [notice] 1#1: worker process 32 exited with code 0
2025/07/01 20:06:44 [notice] 1#1: signal 29 (SIGIO) received
2025/07/01 20:06:44 [notice] 1#1: signal 17 (SIGCHLD) received from 31
2025/07/01 20:06:44 [notice] 1#1: worker process 31 exited with code 0
2025/07/01 20:06:44 [notice] 1#1: signal 29 (SIGIO) received
2025/07/01 20:06:44 [notice] 1#1: signal 17 (SIGCHLD) received from 30
2025/07/01 20:06:44 [notice] 1#1: worker process 30 exited with code 0
2025/07/01 20:06:44 [notice] 1#1: worker process 33 exited with code 0
2025/07/01 20:06:44 [notice] 1#1: exit
2025/07/01 20:06:45 [notice] 1#1: using the "epoll" event method
2025/07/01 20:06:45 [notice] 1#1: nginx/1.21.6
2025/07/01 20:06:45 [notice] 1#1: built by gcc 10.2.1 20210110 (Debian 10.2.1-6) 
2025/07/01 20:06:45 [notice] 1#1: OS: Linux 6.8.0-59-generic
2025/07/01 20:06:45 [notice] 1#1: getrlimit(RLIMIT_NOFILE): 1048576:1048576
2025/07/01 20:06:45 [notice] 1#1: start worker processes
2025/07/01 20:06:45 [notice] 1#1: start worker process 30
2025/07/01 20:06:45 [notice] 1#1: start worker process 31
2025/07/01 20:06:45 [notice] 1#1: start worker process 32
2025/07/01 20:06:45 [notice] 1#1: start worker process 33
2025/07/01 20:07:53 [notice] 1#1: signal 3 (SIGQUIT) received, shutting down
2025/07/01 20:07:53 [notice] 31#31: gracefully shutting down
2025/07/01 20:07:53 [notice] 31#31: exiting
2025/07/01 20:07:53 [notice] 31#31: exit
2025/07/01 20:07:53 [notice] 32#32: gracefully shutting down
2025/07/01 20:07:53 [notice] 30#30: gracefully shutting down
2025/07/01 20:07:53 [notice] 32#32: exiting
2025/07/01 20:07:53 [notice] 32#32: exit
2025/07/01 20:07:53 [notice] 30#30: exiting
2025/07/01 20:07:53 [notice] 30#30: exit
2025/07/01 20:07:53 [notice] 33#33: gracefully shutting down
2025/07/01 20:07:53 [notice] 33#33: exiting
2025/07/01 20:07:53 [notice] 33#33: exit
2025/07/01 20:07:53 [notice] 1#1: signal 17 (SIGCHLD) received from 31
2025/07/01 20:07:53 [notice] 1#1: worker process 31 exited with code 0
2025/07/01 20:07:53 [notice] 1#1: signal 29 (SIGIO) received
2025/07/01 20:07:53 [notice] 1#1: signal 17 (SIGCHLD) received from 32
2025/07/01 20:07:53 [notice] 1#1: worker process 30 exited with code 0
2025/07/01 20:07:53 [notice] 1#1: worker process 32 exited with code 0
2025/07/01 20:07:53 [notice] 1#1: worker process 33 exited with code 0
2025/07/01 20:07:53 [notice] 1#1: exit
2025/07/01 20:07:54 [notice] 1#1: using the "epoll" event method
2025/07/01 20:07:54 [notice] 1#1: nginx/1.21.6
2025/07/01 20:07:54 [notice] 1#1: built by gcc 10.2.1 20210110 (Debian 10.2.1-6) 
2025/07/01 20:07:54 [notice] 1#1: OS: Linux 6.8.0-59-generic
2025/07/01 20:07:54 [notice] 1#1: getrlimit(RLIMIT_NOFILE): 1048576:1048576
2025/07/01 20:07:54 [notice] 1#1: start worker processes
2025/07/01 20:07:54 [notice] 1#1: start worker process 30
2025/07/01 20:07:54 [notice] 1#1: start worker process 31
2025/07/01 20:07:54 [notice] 1#1: start worker process 32
2025/07/01 20:07:54 [notice] 1#1: start worker process 33
2025/07/01 20:08:22 [notice] 1#1: signal 3 (SIGQUIT) received, shutting down
2025/07/01 20:08:22 [notice] 31#31: gracefully shutting down
2025/07/01 20:08:22 [notice] 30#30: gracefully shutting down
2025/07/01 20:08:22 [notice] 33#33: gracefully shutting down
2025/07/01 20:08:22 [notice] 33#33: exiting
2025/07/01 20:08:22 [notice] 31#31: exiting
2025/07/01 20:08:22 [notice] 30#30: exiting
2025/07/01 20:08:22 [notice] 31#31: exit
2025/07/01 20:08:22 [notice] 33#33: exit
2025/07/01 20:08:22 [notice] 30#30: exit
2025/07/01 20:08:22 [notice] 32#32: gracefully shutting down
2025/07/01 20:08:22 [notice] 32#32: exiting
2025/07/01 20:08:22 [notice] 32#32: exit
2025/07/01 20:08:22 [notice] 1#1: signal 17 (SIGCHLD) received from 32
2025/07/01 20:08:22 [notice] 1#1: worker process 30 exited with code 0
2025/07/01 20:08:22 [notice] 1#1: worker process 32 exited with code 0
2025/07/01 20:08:22 [notice] 1#1: worker process 31 exited with code 0
2025/07/01 20:08:22 [notice] 1#1: worker process 33 exited with code 0
2025/07/01 20:08:22 [notice] 1#1: exit
2025/07/01 20:08:25 [notice] 1#1: using the "epoll" event method
2025/07/01 20:08:25 [notice] 1#1: nginx/1.21.6
2025/07/01 20:08:25 [notice] 1#1: built by gcc 10.2.1 20210110 (Debian 10.2.1-6) 
2025/07/01 20:08:25 [notice] 1#1: OS: Linux 6.8.0-59-generic
2025/07/01 20:08:25 [notice] 1#1: getrlimit(RLIMIT_NOFILE): 1048576:1048576
2025/07/01 20:08:25 [notice] 1#1: start worker processes
2025/07/01 20:08:25 [notice] 1#1: start worker process 30
2025/07/01 20:08:25 [notice] 1#1: start worker process 31
2025/07/01 20:08:25 [notice] 1#1: start worker process 32
2025/07/01 20:08:25 [notice] 1#1: start worker process 33
2025/07/01 20:18:03 [notice] 1#1: signal 3 (SIGQUIT) received, shutting down
2025/07/01 20:18:03 [notice] 30#30: gracefully shutting down
2025/07/01 20:18:03 [notice] 30#30: exiting
2025/07/01 20:18:03 [notice] 31#31: gracefully shutting down
2025/07/01 20:18:03 [notice] 31#31: exiting
2025/07/01 20:18:03 [notice] 31#31: exit
2025/07/01 20:18:03 [notice] 30#30: exit
2025/07/01 20:18:03 [notice] 33#33: gracefully shutting down
2025/07/01 20:18:03 [notice] 33#33: exiting
2025/07/01 20:18:03 [notice] 33#33: exit
2025/07/01 20:18:03 [notice] 32#32: gracefully shutting down
2025/07/01 20:18:03 [notice] 32#32: exiting
2025/07/01 20:18:03 [notice] 32#32: exit
2025/07/01 20:18:03 [notice] 1#1: signal 17 (SIGCHLD) received from 30
2025/07/01 20:18:03 [notice] 1#1: worker process 30 exited with code 0
2025/07/01 20:18:03 [notice] 1#1: signal 29 (SIGIO) received
2025/07/01 20:18:03 [notice] 1#1: signal 17 (SIGCHLD) received from 33
2025/07/01 20:18:03 [notice] 1#1: worker process 31 exited with code 0
2025/07/01 20:18:03 [notice] 1#1: worker process 32 exited with code 0
2025/07/01 20:18:03 [notice] 1#1: worker process 33 exited with code 0
2025/07/01 20:18:03 [notice] 1#1: exit
2025/07/01 22:25:04 [notice] 1#1: using the "epoll" event method
2025/07/01 22:25:04 [notice] 1#1: nginx/1.21.6
2025/07/01 22:25:04 [notice] 1#1: built by gcc 10.2.1 20210110 (Debian 10.2.1-6) 
2025/07/01 22:25:04 [notice] 1#1: OS: Linux 6.8.0-59-generic
2025/07/01 22:25:04 [notice] 1#1: getrlimit(RLIMIT_NOFILE): 1048576:1048576
2025/07/01 22:25:04 [notice] 1#1: start worker processes
2025/07/01 22:25:04 [notice] 1#1: start worker process 31
2025/07/01 22:25:04 [notice] 1#1: start worker process 32
2025/07/01 22:25:04 [notice] 1#1: start worker process 33
2025/07/01 22:25:04 [notice] 1#1: start worker process 34
2025/07/01 23:28:02 [notice] 1#1: signal 3 (SIGQUIT) received, shutting down
2025/07/01 23:28:02 [notice] 34#34: gracefully shutting down
2025/07/01 23:28:02 [notice] 34#34: exiting
2025/07/01 23:28:02 [notice] 33#33: gracefully shutting down
2025/07/01 23:28:02 [notice] 33#33: exiting
2025/07/01 23:28:02 [notice] 34#34: exit
2025/07/01 23:28:02 [notice] 33#33: exit
2025/07/01 23:28:02 [notice] 31#31: gracefully shutting down
2025/07/01 23:28:02 [notice] 31#31: exiting
2025/07/01 23:28:02 [notice] 31#31: exit
2025/07/01 23:28:02 [notice] 1#1: signal 17 (SIGCHLD) received from 34
2025/07/01 23:28:02 [notice] 1#1: worker process 34 exited with code 0
2025/07/01 23:28:02 [notice] 1#1: signal 29 (SIGIO) received
2025/07/01 23:28:02 [notice] 1#1: signal 17 (SIGCHLD) received from 33
2025/07/01 23:28:02 [notice] 1#1: worker process 31 exited with code 0
2025/07/01 23:28:02 [notice] 1#1: worker process 33 exited with code 0
2025/07/01 23:28:02 [notice] 1#1: signal 29 (SIGIO) received
2025/07/01 23:28:02 [notice] 32#32: gracefully shutting down
2025/07/01 23:28:02 [notice] 32#32: exiting
2025/07/01 23:28:02 [notice] 32#32: exit
2025/07/01 23:28:02 [notice] 1#1: signal 17 (SIGCHLD) received from 32
2025/07/01 23:28:02 [notice] 1#1: worker process 32 exited with code 0
2025/07/01 23:28:02 [notice] 1#1: exit
